0-prep 0h0m0s408ms
1-yosys 0h0m4s307ms
2-opensta 0h0m1s223ms
3-verilog2def_openroad 0h0m1s755ms
4-ioPlacer 0h0m1s421ms
5-tapcell 0h0m1s466ms
6-klayout_scrot 0h0m4s516ms
7-pdn 0h0m1s878ms
8-replace 0h0m8s43ms
8-resizer 0h0m7s312ms
9-write_verilog 0h0m1s452ms
10-opensta_post_resizer 0h0m1s229ms
11-opendp 0h0m1s475ms
12-klayout_scrot 0h0m4s774ms
13-cts 0h1m26s733ms
14-write_verilog 0h0m1s441ms
15-klayout_scrot 0h0m4s801ms
15-resizer_timing 0h0m7s738ms
16-write_verilog 0h0m1s450ms
17-opensta_post_resizer_timing 0h0m1s267ms
18-fastroute 0h0m8s507ms
19-addspacers 0h0m1s461ms
20-write_verilog 0h0m1s453ms
21-tritonRoute 0h1m43s904ms
22-klayout_scrot 0h0m5s247ms
23-spef_extraction 0h0m1s186ms
24-opensta_spef 0h0m1s467ms
26-write_verilog 0h0m1s539ms
28-klayout_scrot 0h0m5s198ms
31-magic_gen 0h0m8s100ms
32-klayout 0h0m4s521ms
33-klayout_scrot 0h0m5s412ms
35-klayout_scrot 0h0m5s226ms
36-klayout_xor 0h0m21s643ms
37-magic_ext_spice 0h0m3s819ms
38-lvs 0h0m0s464ms
39-magic_drc 0h0m9s782ms
41-or_antenna 0h0m1s701ms
42-cvc 0h0m0s258ms