OpenROAD 0.9.0 1415572a73
This program is licensed under the BSD-3 license. See the LICENSE file for details.
Components of this program may be licensed under more restrictive licenses which must be honored.
Notice 0: Reading LEF file:  /openLANE_flow/designs/i2c/runs/6th_run_clk15_util50_tardens0.55_flat1_doubleQuotations_edited_config_of_design_noLEC/tmp/merged_unpadded.lef
Notice 0:     Created 13 technology layers
Notice 0:     Created 25 technology vias
Notice 0:     Created 440 library cells
Notice 0: Finished LEF file:  /openLANE_flow/designs/i2c/runs/6th_run_clk15_util50_tardens0.55_flat1_doubleQuotations_edited_config_of_design_noLEC/tmp/merged_unpadded.lef
Notice 0: 
Reading DEF file: /openLANE_flow/designs/i2c/runs/6th_run_clk15_util50_tardens0.55_flat1_doubleQuotations_edited_config_of_design_noLEC/results/routing/i2c_master_top.def
Notice 0: Design: i2c_master_top
Notice 0:     Created 43 pins.
Notice 0:     Created 3762 components and 18752 component-terminals.
Notice 0:     Created 2 special nets and 0 connections.
Notice 0:     Created 1340 nets and 4350 connections.
Notice 0: Finished DEF file: /openLANE_flow/designs/i2c/runs/6th_run_clk15_util50_tardens0.55_flat1_doubleQuotations_edited_config_of_design_noLEC/results/routing/i2c_master_top.def
Notice 0: Split top of 422 T shapes.
Number of pins violated: 4
Number of nets violated: 4
Total number of nets: 1340
