OpenROAD 0.9.0 1415572a73
This program is licensed under the BSD-3 license. See the LICENSE file for details.
Components of this program may be licensed under more restrictive licenses which must be honored.
Notice 0: Reading LEF file:  /openLANE_flow/designs/i2c/runs/5th_run_clk20_util35_tardens0.45_flat1_doubleQuotations_edited_config_of_design_noLEC/tmp/merged_unpadded.lef
Notice 0:     Created 13 technology layers
Notice 0:     Created 25 technology vias
Notice 0:     Created 440 library cells
Notice 0: Finished LEF file:  /openLANE_flow/designs/i2c/runs/5th_run_clk20_util35_tardens0.45_flat1_doubleQuotations_edited_config_of_design_noLEC/tmp/merged_unpadded.lef
Notice 0: 
Reading DEF file: /openLANE_flow/designs/i2c/runs/5th_run_clk20_util35_tardens0.45_flat1_doubleQuotations_edited_config_of_design_noLEC/results/routing/i2c_master_top.def
Notice 0: Design: i2c_master_top
Notice 0:     Created 39 pins.
Notice 0:     Created 4859 components and 22830 component-terminals.
Notice 0:     Created 2 special nets and 0 connections.
Notice 0:     Created 1349 nets and 4368 connections.
Notice 0: Finished DEF file: /openLANE_flow/designs/i2c/runs/5th_run_clk20_util35_tardens0.45_flat1_doubleQuotations_edited_config_of_design_noLEC/results/routing/i2c_master_top.def
Notice 0: Split top of 392 T shapes.
Number of pins violated: 1
Number of nets violated: 1
Total number of nets: 1349
