OpenROAD 0.9.0 1415572a73
This program is licensed under the BSD-3 license. See the LICENSE file for details.
Components of this program may be licensed under more restrictive licenses which must be honored.
Warning: /home/ubuntu/openlane/pdks/sky130A/libs.ref/sky130_fd_sc_hd/lib/sky130_fd_sc_hd__tt_025C_1v80.lib line 31, default_operating_condition tt_025C_1v80 not found.
Notice 0: Reading LEF file:  /openLANE_flow/designs/i2c/runs/5th_run_clk20_util35_tardens0.45_flat1_doubleQuotations_edited_config_of_design_noLEC/tmp/merged_unpadded.lef
Notice 0:     Created 13 technology layers
Notice 0:     Created 25 technology vias
Notice 0:     Created 440 library cells
Notice 0: Finished LEF file:  /openLANE_flow/designs/i2c/runs/5th_run_clk20_util35_tardens0.45_flat1_doubleQuotations_edited_config_of_design_noLEC/tmp/merged_unpadded.lef
Notice 0: 
Reading DEF file: /openLANE_flow/designs/i2c/runs/5th_run_clk20_util35_tardens0.45_flat1_doubleQuotations_edited_config_of_design_noLEC/tmp/placement/15-resizer_timing.def
Notice 0: Design: i2c_master_top
Notice 0:     Created 35 pins.
Notice 0:     Created 1954 components and 11209 component-terminals.
Notice 0:     Created 2 special nets and 0 connections.
Notice 0:     Created 1349 nets and 4367 connections.
Notice 0: Finished DEF file: /openLANE_flow/designs/i2c/runs/5th_run_clk20_util35_tardens0.45_flat1_doubleQuotations_edited_config_of_design_noLEC/tmp/placement/15-resizer_timing.def
Min routing layer: 2
Max routing layer: 6
Global adjustment: 0.0
Unidirectional routing: true
Grid origin: (0, 0)
[INFO GRT-0004] #DB Obstructions: 0
[INFO GRT-0005] #DB Obstacles: 58855
[INFO GRT-0006] #DB Macros: 0
[INFO GRT-0017] Found 0 clock nets
[INFO GRT-0001] Minimum degree: 2
[INFO GRT-0002] Maximum degree: 19
[INFO GRT-0018] Processing 41915 obstacles on layer 1
[INFO GRT-0019] Processing 7991 obstacles on layer 2
[INFO GRT-0022] Processing 3 obstacles on layer 5
[INFO GRT-0023] Processing 3 obstacles on layer 6
[INFO GRT-0020] Reducing resources of layer 1 by 99%
[INFO] WIRELEN : 5592, WIRELEN1 : 0
[INFO] NumSeg  : 2836
[INFO] NumShift: 0
First L Route
[INFO] WIRELEN : 5591, WIRELEN1 : 5591
[INFO] NumSeg  : 2840
[INFO] NumShift: 76
[Overflow Report] Total hCap    : 22703
[Overflow Report] Total vCap    : 18218
[Overflow Report] Total Usage   : 5591
[Overflow Report] Max H Overflow: 0
[Overflow Report] Max V Overflow: 0
[Overflow Report] Max Overflow  : 0
[Overflow Report] Num Overflow e: 0
[Overflow Report] H   Overflow  : 0
[Overflow Report] V   Overflow  : 0
[Overflow Report] Final Overflow: 0

Second L Route
[Overflow Report] Total hCap    : 22703
[Overflow Report] Total vCap    : 18218
[Overflow Report] Total Usage   : 5591
[Overflow Report] Max H Overflow: 0
[Overflow Report] Max V Overflow: 0
[Overflow Report] Max Overflow  : 0
[Overflow Report] Num Overflow e: 0
[Overflow Report] H   Overflow  : 0
[Overflow Report] V   Overflow  : 0
[Overflow Report] Final Overflow: 0

First Z Route
[Overflow Report] Total hCap    : 22703
[Overflow Report] Total vCap    : 18218
[Overflow Report] Total Usage   : 5591
[Overflow Report] Max H Overflow: 0
[Overflow Report] Max V Overflow: 0
[Overflow Report] Max Overflow  : 0
[Overflow Report] Num Overflow e: 0
[Overflow Report] H   Overflow  : 0
[Overflow Report] V   Overflow  : 0
[Overflow Report] Final Overflow: 0

[INFO] LV routing round 0, enlarge 10 
[INFO] 10 threshold, 10 expand
[Overflow Report] total Usage   : 5591
[Overflow Report] Max H Overflow: 0
[Overflow Report] Max V Overflow: 0
[Overflow Report] Max Overflow  : 0
[Overflow Report] Num Overflow e: 0
[Overflow Report] H   Overflow  : 0
[Overflow Report] V   Overflow  : 0
[Overflow Report] Final Overflow: 0

[INFO] LV routing round 1, enlarge 15 
[INFO] 5 threshold, 15 expand
[Overflow Report] total Usage   : 5591
[Overflow Report] Max H Overflow: 0
[Overflow Report] Max V Overflow: 0
[Overflow Report] Max Overflow  : 0
[Overflow Report] Num Overflow e: 0
[Overflow Report] H   Overflow  : 0
[Overflow Report] V   Overflow  : 0
[Overflow Report] Final Overflow: 0

[INFO] LV routing round 2, enlarge 20 
[INFO] 1 threshold, 20 expand
[Overflow Report] total Usage   : 5591
[Overflow Report] Max H Overflow: 0
[Overflow Report] Max V Overflow: 0
[Overflow Report] Max Overflow  : 0
[Overflow Report] Num Overflow e: 0
[Overflow Report] H   Overflow  : 0
[Overflow Report] V   Overflow  : 0
[Overflow Report] Final Overflow: 0

Usage checked
Maze routing finished
[INFO] P3 runtime: 0.000000 sec
[INFO] Final 2D results: 
[Overflow Report] total Usage   : 5591
[Overflow Report] Max H Overflow: 0
[Overflow Report] Max V Overflow: 0
[Overflow Report] Max Overflow  : 0
[Overflow Report] Num Overflow e: 0
[Overflow Report] H   Overflow  : 0
[Overflow Report] V   Overflow  : 0
[Overflow Report] Final Overflow: 0

Layer Assignment Begins
Layer assignment finished
[INFO] 2D + Layer Assignment Runtime: 4.980000 sec
Post Processing Begins 
Post Processsing finished
 Starting via filling
[INFO] Via related to pin nodes 5798
[INFO] Via related stiner nodes 262
Via filling finished

Final usage/overflow report: 
[INFO] Usage per layer: 
    Layer 1 usage: 0
    Layer 2 usage: 2889
    Layer 3 usage: 2738
    Layer 4 usage: 10
    Layer 5 usage: 0
    Layer 6 usage: 0

[INFO] Capacity per layer: 
    Layer 1 capacity: 0
    Layer 2 capacity: 12956
    Layer 3 capacity: 12441
    Layer 4 capacity: 8154
    Layer 5 capacity: 5777
    Layer 6 capacity: 1593

[INFO] Use percentage per layer: 
    Layer 1 use percentage: 0.0%
    Layer 2 use percentage: 22.30%
    Layer 3 use percentage: 22.01%
    Layer 4 use percentage: 0.12%
    Layer 5 use percentage: 0.00%
    Layer 6 use percentage: 0.00%

[INFO] Overflow per layer: 
    Layer 1 overflow: 0
    Layer 2 overflow: 0
    Layer 3 overflow: 0
    Layer 4 overflow: 0
    Layer 5 overflow: 0
    Layer 6 overflow: 0

[Overflow Report] Total Usage   : 5637
[Overflow Report] Total Capacity: 40921
[Overflow Report] Max H Overflow: 0
[Overflow Report] Max V Overflow: 0
[Overflow Report] Max Overflow  : 0
[Overflow Report] H   Overflow  : 0
[Overflow Report] V   Overflow  : 0
[Overflow Report] Final Overflow: 0

[INFO] Final usage          : 5637
[INFO] Final number of vias : 6575
[INFO] Final usage 3D       : 25362
[INFO GRT-0018] Total wirelength: 62479 um
Repairing antennas...
[WARNING GRT-0025] No OR_DEFAULT vias defined
Notice 0: Split top of 1 T shapes.
Notice 0: Split top of 1 T shapes.
Notice 0: Split top of 1 T shapes.
Notice 0: Split top of 1 T shapes.
Notice 0: Split top of 1 T shapes.
Notice 0: Split top of 1 T shapes.
Notice 0: Split top of 1 T shapes.
Notice 0: Split top of 1 T shapes.
Notice 0: Split top of 1 T shapes.
Notice 0: Split top of 1 T shapes.
Notice 0: Split top of 1 T shapes.
Notice 0: Split top of 1 T shapes.
Notice 0: Split top of 1 T shapes.
Notice 0: Split top of 1 T shapes.
Notice 0: Split top of 1 T shapes.
Notice 0: Split top of 1 T shapes.
Notice 0: Split top of 1 T shapes.
Notice 0: Split top of 1 T shapes.
Notice 0: Split top of 1 T shapes.
Notice 0: Split top of 1 T shapes.
Notice 0: Split top of 1 T shapes.
Notice 0: Split top of 1 T shapes.
Notice 0: Split top of 1 T shapes.
Notice 0: Split top of 1 T shapes.
Notice 0: Split top of 1 T shapes.
Notice 0: Split top of 1 T shapes.
Notice 0: Split top of 1 T shapes.
Notice 0: Split top of 1 T shapes.
Notice 0: Split top of 1 T shapes.
Notice 0: Split top of 1 T shapes.
Notice 0: Split top of 1 T shapes.
Notice 0: Split top of 1 T shapes.
Notice 0: Split top of 1 T shapes.
Notice 0: Split top of 1 T shapes.
Notice 0: Split top of 1 T shapes.
Notice 0: Split top of 1 T shapes.
Notice 0: Split top of 1 T shapes.
Notice 0: Split top of 1 T shapes.
Notice 0: Split top of 1 T shapes.
Notice 0: Split top of 1 T shapes.
Notice 0: Split top of 1 T shapes.
Notice 0: Split top of 1 T shapes.
Notice 0: Split top of 1 T shapes.
Notice 0: Split top of 1 T shapes.
Notice 0: Split top of 1 T shapes.
Notice 0: Split top of 1 T shapes.
Notice 0: Split top of 1 T shapes.
Notice 0: Split top of 1 T shapes.
Notice 0: Split top of 1 T shapes.
Notice 0: Split top of 1 T shapes.
Notice 0: Split top of 3 T shapes.
Notice 0: Split top of 1 T shapes.
Notice 0: Split top of 1 T shapes.
Notice 0: Split top of 1 T shapes.
Notice 0: Split top of 1 T shapes.
Notice 0: Split top of 1 T shapes.
Notice 0: Split top of 1 T shapes.
Notice 0: Split top of 1 T shapes.
Notice 0: Split top of 1 T shapes.
Notice 0: Split top of 1 T shapes.
Notice 0: Split top of 1 T shapes.
Notice 0: Split top of 1 T shapes.
Notice 0: Split top of 1 T shapes.
Notice 0: Split top of 1 T shapes.
Notice 0: Split top of 1 T shapes.
Notice 0: Split top of 1 T shapes.
Notice 0: Split top of 1 T shapes.
Notice 0: Split top of 1 T shapes.
Notice 0: Split top of 1 T shapes.
Notice 0: Split top of 1 T shapes.
Notice 0: Split top of 1 T shapes.
Notice 0: Split top of 1 T shapes.
Notice 0: Split top of 1 T shapes.
Notice 0: Split top of 1 T shapes.
Notice 0: Split top of 1 T shapes.
Notice 0: Split top of 1 T shapes.
Notice 0: Split top of 2 T shapes.
Notice 0: Split top of 1 T shapes.
Notice 0: Split top of 1 T shapes.
Notice 0: Split top of 1 T shapes.
Notice 0: Split top of 1 T shapes.
Notice 0: Split top of 1 T shapes.
Notice 0: Split top of 1 T shapes.
Notice 0: Split top of 1 T shapes.
Notice 0: Split top of 1 T shapes.
Notice 0: Split top of 1 T shapes.
Notice 0: Split top of 1 T shapes.
Notice 0: Split top of 1 T shapes.
Notice 0: Split top of 1 T shapes.
Notice 0: Split top of 1 T shapes.
Notice 0: Split top of 1 T shapes.
Notice 0: Split top of 1 T shapes.
Notice 0: Split top of 1 T shapes.
Notice 0: Split top of 1 T shapes.
Notice 0: Split top of 1 T shapes.
Notice 0: Split top of 2 T shapes.
Notice 0: Split top of 1 T shapes.
Notice 0: Split top of 1 T shapes.
Notice 0: Split top of 1 T shapes.
Notice 0: Split top of 1 T shapes.
Notice 0: Split top of 1 T shapes.
Notice 0: Split top of 1 T shapes.
Notice 0: Split top of 1 T shapes.
Notice 0: Split top of 1 T shapes.
Notice 0: Split top of 1 T shapes.
Notice 0: Split top of 1 T shapes.
Notice 0: Split top of 1 T shapes.
Notice 0: Split top of 1 T shapes.
Notice 0: Split top of 1 T shapes.
Notice 0: Split top of 1 T shapes.
Notice 0: Split top of 1 T shapes.
Notice 0: Split top of 1 T shapes.
Notice 0: Split top of 1 T shapes.
Notice 0: Split top of 1 T shapes.
Notice 0: Split top of 1 T shapes.
Notice 0: Split top of 1 T shapes.
Notice 0: Split top of 1 T shapes.
Notice 0: Split top of 2 T shapes.
Notice 0: Split top of 1 T shapes.
Notice 0: Split top of 1 T shapes.
Notice 0: Split top of 1 T shapes.
Notice 0: Split top of 2 T shapes.
Notice 0: Split top of 1 T shapes.
Notice 0: Split top of 1 T shapes.
Notice 0: Split top of 1 T shapes.
Notice 0: Split top of 1 T shapes.
Notice 0: Split top of 1 T shapes.
Notice 0: Split top of 1 T shapes.
Notice 0: Split top of 1 T shapes.
Notice 0: Split top of 1 T shapes.
Notice 0: Split top of 1 T shapes.
Notice 0: Split top of 1 T shapes.
Notice 0: Split top of 1 T shapes.
Notice 0: Split top of 1 T shapes.
Notice 0: Split top of 1 T shapes.
Notice 0: Split top of 1 T shapes.
Notice 0: Split top of 1 T shapes.
Notice 0: Split top of 1 T shapes.
Notice 0: Split top of 1 T shapes.
[INFO GRT-0012] #Antenna violations: 1
Design Stats
--------------------------------
total instances          1955
multi row instances         0
fixed instances           626
nets                     1351
design area           34628.2 u^2
fixed area             1129.8 u^2
movable area          13016.2 u^2
utilization                39 %
utilization padded         39 %
rows                       68
row height                2.7 u

Placement Analysis
--------------------------------
total displacement        0.0 u
average displacement      0.0 u
max displacement          0.0 u
original HPWL         35508.9 u
legalized HPWL        36585.8 u
delta HPWL                  3 %

[INFO GRT-0015] 1 diodes inserted
Min routing layer: 2
Max routing layer: 6
Global adjustment: 0.0
Unidirectional routing: true
Grid origin: (0, 0)
[INFO GRT-0004] #DB Obstructions: 0
[INFO GRT-0005] #DB Obstacles: 58861
[INFO GRT-0006] #DB Macros: 0
[INFO GRT-0001] Minimum degree: 2
[INFO GRT-0002] Maximum degree: 19
[INFO GRT-0018] Processing 41918 obstacles on layer 1
[INFO GRT-0019] Processing 7993 obstacles on layer 2
[INFO GRT-0022] Processing 3 obstacles on layer 5
[INFO GRT-0023] Processing 3 obstacles on layer 6
[INFO GRT-0020] Reducing resources of layer 1 by 99%
[INFO GRT-0009] #Nets to reroute: 997

Final usage/overflow report: 

[Overflow Report] Total Usage   : 5069
[Overflow Report] Total Capacity: 40257
[Overflow Report] Max H Overflow: 0
[Overflow Report] Max V Overflow: 0
[Overflow Report] Max Overflow  : 0
[Overflow Report] H   Overflow  : 0
[Overflow Report] V   Overflow  : 0
[Overflow Report] Final Overflow: 0

[INFO] Final usage          : 5069
[INFO] Final number of vias : 5482
[INFO] Final usage 3D       : 21515
[INFO GRT-0014] Num routed nets: 1349
Warning: /home/ubuntu/openlane/pdks/sky130A/libs.ref/sky130_fd_sc_hd/lib/sky130_fd_sc_hd__ss_100C_1v60.lib line 32, default_operating_condition ss_100C_1v60 not found.
Warning: /home/ubuntu/openlane/pdks/sky130A/libs.ref/sky130_fd_sc_hd/lib/sky130_fd_sc_hd__ff_n40C_1v95.lib line 31, default_operating_condition ff_n40C_1v95 not found.
set_units -time ns
set clk_period 20
create_clock [get_ports wb_clk_i]  -name core_clock  -period ${clk_period}
set input_delay_value [expr ${clk_period} * 0.4]
set output_delay_value [expr ${clk_period} * 0.6]
No paths found.
Startpoint: _2152_ (rising edge-triggered flip-flop clocked by core_clock)
Endpoint: _2182_ (rising edge-triggered flip-flop clocked by core_clock)
Path Group: core_clock
Path Type: min

Fanout     Cap    Slew   Delay    Time   Description
-----------------------------------------------------------------------------
                  0.00    0.00    0.00   clock core_clock (rise edge)
                          0.00    0.00   clock network delay (ideal)
                  0.00    0.00    0.00 ^ _2152_/CLK (sky130_fd_sc_hd__dfrtp_1)
                  0.07    0.23    0.23 ^ _2152_/Q (sky130_fd_sc_hd__dfrtp_1)
     2    0.01                           byte_controller.bit_controller.slave_adr_received (net)
                  0.07    0.00    0.24 ^ _2182_/D (sky130_fd_sc_hd__dfrtp_1)
                                  0.24   data arrival time

                  0.00    0.00    0.00   clock core_clock (rise edge)
                          0.00    0.00   clock network delay (ideal)
                          0.00    0.00   clock reconvergence pessimism
                                  0.00 ^ _2182_/CLK (sky130_fd_sc_hd__dfrtp_1)
                         -0.02   -0.02   library hold time
                                 -0.02   data required time
-----------------------------------------------------------------------------
                                 -0.02   data required time
                                 -0.24   data arrival time
-----------------------------------------------------------------------------
                                  0.26   slack (MET)


Startpoint: _2162_ (rising edge-triggered flip-flop clocked by core_clock)
Endpoint: _2166_ (rising edge-triggered flip-flop clocked by core_clock)
Path Group: core_clock
Path Type: max

Fanout     Cap    Slew   Delay    Time   Description
-----------------------------------------------------------------------------
                  0.00    0.00    0.00   clock core_clock (rise edge)
                          0.00    0.00   clock network delay (ideal)
                  0.00    0.00    0.00 ^ _2162_/CLK (sky130_fd_sc_hd__dfrtp_1)
                  0.14    0.81    0.81 v _2162_/Q (sky130_fd_sc_hd__dfrtp_1)
     3    0.01                           byte_controller.bit_controller.filter_cnt[0] (net)
                  0.14    0.00    0.82 v _1259_/B (sky130_fd_sc_hd__or2_1)
                  0.14    0.54    1.36 v _1259_/X (sky130_fd_sc_hd__or2_1)
     3    0.01                           _0967_ (net)
                  0.14    0.00    1.36 v _1260_/B (sky130_fd_sc_hd__or2_1)
                  0.15    0.55    1.90 v _1260_/X (sky130_fd_sc_hd__or2_1)
     3    0.01                           _0968_ (net)
                  0.15    0.00    1.91 v _1261_/B (sky130_fd_sc_hd__or2_1)
                  0.16    0.56    2.47 v _1261_/X (sky130_fd_sc_hd__or2_1)
     4    0.01                           _0969_ (net)
                  0.16    0.00    2.47 v _1262_/C (sky130_fd_sc_hd__or3_1)
                  0.19    0.83    3.30 v _1262_/X (sky130_fd_sc_hd__or3_1)
     3    0.01                           _0970_ (net)
                  0.19    0.00    3.30 v _1263_/B (sky130_fd_sc_hd__or2_1)
                  0.14    0.57    3.87 v _1263_/X (sky130_fd_sc_hd__or2_1)
     3    0.01                           _0971_ (net)
                  0.14    0.00    3.87 v _1264_/B (sky130_fd_sc_hd__or2_2)
                  0.18    0.74    4.61 v _1264_/X (sky130_fd_sc_hd__or2_2)
     5    0.02                           _0972_ (net)
                  0.18    0.01    4.62 v _1265_/D (sky130_fd_sc_hd__or4_4)
                  0.17    0.89    5.51 v _1265_/X (sky130_fd_sc_hd__or4_4)
     3    0.01                           _0973_ (net)
                  0.17    0.00    5.51 v _1266_/B (sky130_fd_sc_hd__or2_1)
                  0.15    0.56    6.07 v _1266_/X (sky130_fd_sc_hd__or2_1)
     3    0.01                           _0974_ (net)
                  0.15    0.00    6.08 v _1267_/B (sky130_fd_sc_hd__or2_2)
                  0.16    0.73    6.81 v _1267_/X (sky130_fd_sc_hd__or2_2)
     3    0.01                           _0975_ (net)
                  0.16    0.01    6.81 v _1268_/A (sky130_fd_sc_hd__inv_2)
                  0.13    0.17    6.98 ^ _1268_/Y (sky130_fd_sc_hd__inv_2)
     4    0.02                           _0976_ (net)
                  0.13    0.01    6.99 ^ _1269_/A (sky130_fd_sc_hd__clkbuf_8)
                  0.24    0.36    7.35 ^ _1269_/X (sky130_fd_sc_hd__clkbuf_8)
    18    0.08                           _0168_ (net)
                  0.24    0.03    7.38 ^ _2092_/S (sky130_fd_sc_hd__mux2_1)
                  0.11    0.77    8.14 v _2092_/X (sky130_fd_sc_hd__mux2_1)
     1    0.00                           _0092_ (net)
                  0.11    0.00    8.15 v _1899_/C (sky130_fd_sc_hd__and3_1)
                  0.07    0.38    8.53 v _1899_/X (sky130_fd_sc_hd__and3_1)
     1    0.00                           _0070_ (net)
                  0.07    0.00    8.53 v _2166_/D (sky130_fd_sc_hd__dfrtp_1)
                                  8.53   data arrival time

                  0.00   20.00   20.00   clock core_clock (rise edge)
                          0.00   20.00   clock network delay (ideal)
                          0.00   20.00   clock reconvergence pessimism
                                 20.00 ^ _2166_/CLK (sky130_fd_sc_hd__dfrtp_1)
                         -0.28   19.72   library setup time
                                 19.72   data required time
-----------------------------------------------------------------------------
                                 19.72   data required time
                                 -8.53   data arrival time
-----------------------------------------------------------------------------
                                 11.19   slack (MET)


No paths found.
wns 0.00
tns 0.00
