
Magic 8.3 revision 145 - Compiled on Mon Mar 22 04:21:56 UTC 2021.
Starting magic under Tcl interpreter
Using the terminal as the console.
Using NULL graphics device.
Processing system .magicrc file
Sourcing design .magicrc for technology sky130A ...
2 Magic internal units = 1 Lambda
Input style sky130(): scaleFactor=2, multiplier=2
Scaled tech values by 2 / 1 to match internal grid scaling
Loading sky130A Device Generator Menu ...
Loading "/openLANE_flow/scripts/magic/drc.tcl" from command line.
Warning: Calma reading is not undoable!  I hope that's OK.
Library written using GDS-II Release 3.0
Library name: i2c_master_top
Reading "sky130_fd_sc_hd__decap_4".
Reading "sky130_fd_sc_hd__decap_3".
Reading "sky130_fd_sc_hd__fill_1".
Reading "sky130_fd_sc_hd__clkbuf_1".
Reading "sky130_fd_sc_hd__buf_1".
Reading "sky130_fd_sc_hd__dfrtp_1".
Reading "sky130_fd_sc_hd__tapvpwrvgnd_1".
Reading "sky130_fd_sc_hd__clkbuf_2".
Reading "sky130_fd_sc_hd__decap_8".
Reading "sky130_fd_sc_hd__fill_2".
Reading "sky130_fd_sc_hd__decap_6".
Reading "sky130_fd_sc_hd__a2bb2o_1".
Reading "sky130_fd_sc_hd__clkbuf_4".
Reading "sky130_fd_sc_hd__dfrtp_4".
Reading "sky130_fd_sc_hd__and3b_1".
Reading "sky130_fd_sc_hd__diode_2".
Reading "sky130_fd_sc_hd__inv_2".
Reading "sky130_fd_sc_hd__dfxtp_2".
Reading "sky130_fd_sc_hd__buf_2".
Reading "sky130_fd_sc_hd__dfxtp_1".
Reading "sky130_fd_sc_hd__nand2_1".
Reading "sky130_fd_sc_hd__decap_12".
Reading "sky130_fd_sc_hd__or4_4".
Reading "sky130_fd_sc_hd__or4b_4".
Reading "sky130_fd_sc_hd__o21ai_1".
Reading "sky130_fd_sc_hd__a21oi_1".
Reading "sky130_fd_sc_hd__clkbuf_16".
Reading "sky130_fd_sc_hd__a21o_1".
Reading "sky130_fd_sc_hd__o32a_1".
Reading "sky130_fd_sc_hd__or2_1".
Reading "sky130_fd_sc_hd__o211ai_1".
Reading "sky130_fd_sc_hd__a31oi_1".
Reading "sky130_fd_sc_hd__dfrtp_2".
Reading "sky130_fd_sc_hd__o22ai_1".
Reading "sky130_fd_sc_hd__o22a_1".
Reading "sky130_fd_sc_hd__and3_1".
Reading "sky130_fd_sc_hd__or3b_2".
Reading "sky130_fd_sc_hd__nor2_1".
Reading "sky130_fd_sc_hd__or2_2".
Reading "sky130_fd_sc_hd__nand4_2".
Reading "sky130_fd_sc_hd__o31a_1".
Reading "sky130_fd_sc_hd__or3_1".
Reading "sky130_fd_sc_hd__nor2_2".
Reading "sky130_fd_sc_hd__mux2_1".
Reading "sky130_fd_sc_hd__a31o_1".
Reading "sky130_fd_sc_hd__a41o_1".
Reading "sky130_fd_sc_hd__o21a_1".
Reading "sky130_fd_sc_hd__o2bb2a_1".
Reading "sky130_fd_sc_hd__o221a_1".
Reading "sky130_fd_sc_hd__o31ai_1".
Reading "sky130_fd_sc_hd__and4bb_1".
Reading "sky130_fd_sc_hd__a211o_1".
Reading "sky130_fd_sc_hd__and4b_1".
Reading "sky130_fd_sc_hd__o211a_1".
Reading "sky130_fd_sc_hd__or3b_1".
Reading "sky130_fd_sc_hd__or3_2".
Reading "sky130_fd_sc_hd__or3_4".
Reading "sky130_fd_sc_hd__o311a_1".
Reading "sky130_fd_sc_hd__and4_1".
Reading "sky130_fd_sc_hd__or3b_4".
Reading "sky130_fd_sc_hd__o32a_2".
Reading "sky130_fd_sc_hd__a22o_1".
Reading "sky130_fd_sc_hd__o2111a_1".
Reading "sky130_fd_sc_hd__nor3b_4".
Reading "sky130_fd_sc_hd__and2_1".
Reading "sky130_fd_sc_hd__a32o_1".
Reading "sky130_fd_sc_hd__nand2_2".
Reading "sky130_fd_sc_hd__a311o_1".
Reading "sky130_fd_sc_hd__o2111ai_4".
Reading "sky130_fd_sc_hd__and2_2".
Reading "sky130_fd_sc_hd__dfstp_1".
Reading "sky130_fd_sc_hd__a221oi_2".
Reading "sky130_fd_sc_hd__mux2_2".
Reading "sky130_fd_sc_hd__mux2_4".
Reading "sky130_fd_sc_hd__a21oi_4".
Reading "sky130_fd_sc_hd__o2bb2ai_1".
Reading "sky130_fd_sc_hd__o21ai_4".
Reading "sky130_fd_sc_hd__dlymetal6s2s_1".
Reading "sky130_fd_sc_hd__o2111ai_1".
Reading "sky130_fd_sc_hd__o2111ai_2".
Reading "sky130_fd_sc_hd__nor2_4".
Reading "sky130_fd_sc_hd__and4b_2".
Reading "sky130_fd_sc_hd__o221ai_2".
Reading "sky130_fd_sc_hd__a311o_4".
Reading "sky130_fd_sc_hd__o21ai_2".
Reading "sky130_fd_sc_hd__a221o_1".
Reading "sky130_fd_sc_hd__or2_4".
Reading "sky130_fd_sc_hd__a21bo_1".
Reading "sky130_fd_sc_hd__buf_6".
Reading "sky130_fd_sc_hd__a21boi_1".
Reading "sky130_fd_sc_hd__nor2b_1".
Reading "sky130_fd_sc_hd__a2bb2oi_1".
Reading "sky130_fd_sc_hd__conb_1".
Reading "i2c_master_top".
    100 uses
    200 uses
    300 uses
    400 uses
    500 uses
    600 uses
    700 uses
    800 uses
    900 uses
    1000 uses
    1100 uses
    1200 uses
    1300 uses
    1400 uses
    1500 uses
    1600 uses
    1700 uses
    1800 uses
    1900 uses
    2000 uses
    2100 uses
    2200 uses
    2300 uses
    2400 uses
    2500 uses
    2600 uses
    2700 uses
    2800 uses
    2900 uses
    3000 uses
    3100 uses
    3200 uses
    3300 uses
    3400 uses
    3500 uses
    3600 uses
    3700 uses
[INFO]: Loading i2c_master_top

DRC style is now "drc(full)"
Loading DRC CIF style.
No errors found.
[INFO]: COUNT: 0
[INFO]: Should be divided by 3 or 4
[INFO]: DRC Checking DONE (/openLANE_flow/designs/i2c/runs/3rd_run_clk20_util35_tardens0.45_flat1_doubleQuotations/reports/magic/39-magic.drc)
[INFO]: Saving mag view with DRC errors(/openLANE_flow/designs/i2c/runs/3rd_run_clk20_util35_tardens0.45_flat1_doubleQuotations/results/magic/i2c_master_top.drc.mag)
[INFO]: Saved
