0-prep 0h0m0s401ms
1-yosys 0h0m4s509ms
2-opensta 0h0m1s275ms
3-verilog2def_openroad 0h0m1s777ms
4-ioPlacer 0h0m1s464ms
5-tapcell 0h0m1s480ms
6-klayout_scrot 0h0m4s556ms
7-pdn 0h0m1s918ms
8-replace 0h0m8s91ms
8-resizer 0h0m7s268ms
9-write_verilog 0h0m1s438ms
10-opensta_post_resizer 0h0m1s261ms
11-opendp 0h0m1s502ms
12-klayout_scrot 0h0m4s750ms
13-cts 0h1m28s448ms
14-write_verilog 0h0m1s460ms
15-klayout_scrot 0h0m4s763ms
15-resizer_timing 0h0m7s14ms
16-write_verilog 0h0m1s457ms
17-opensta_post_resizer_timing 0h0m1s297ms
18-fastroute 0h0m8s403ms
19-addspacers 0h0m1s476ms
20-write_verilog 0h0m1s470ms
21-tritonRoute 0h0m39s896ms
22-klayout_scrot 0h0m5s113ms
23-spef_extraction 0h0m1s8ms
24-opensta_spef 0h0m1s460ms
26-write_verilog 0h0m1s544ms
28-klayout_scrot 0h0m5s80ms
31-magic_gen 0h0m8s245ms
32-klayout 0h0m4s554ms
33-klayout_scrot 0h0m5s302ms
35-klayout_scrot 0h0m5s101ms
36-klayout_xor 0h0m23s812ms
37-magic_ext_spice 0h0m4s572ms
38-lvs 0h0m0s572ms
39-magic_drc 0h0m11s130ms
41-or_antenna 0h0m1s644ms
42-cvc 0h0m0s262ms