0-prep 0h0m0s394ms
1-yosys 0h0m4s339ms
2-opensta 0h0m1s238ms
3-verilog2def_openroad 0h0m1s743ms
4-ioPlacer 0h0m1s430ms
5-tapcell 0h0m1s455ms
6-klayout_scrot 0h0m4s469ms
7-pdn 0h0m1s880ms
8-replace 0h0m7s968ms
8-resizer 0h0m7s212ms
9-write_verilog 0h0m1s447ms
10-opensta_post_resizer 0h0m1s248ms
11-opendp 0h0m1s470ms
12-klayout_scrot 0h0m4s743ms
13-cts 0h1m26s106ms
14-write_verilog 0h0m1s426ms
15-klayout_scrot 0h0m4s764ms
15-resizer_timing 0h0m7s384ms
16-write_verilog 0h0m1s434ms
17-opensta_post_resizer_timing 0h0m1s251ms
18-fastroute 0h0m8s389ms
19-addspacers 0h0m1s443ms
20-write_verilog 0h0m1s464ms
21-tritonRoute 0h2m3s803ms
22-klayout_scrot 0h0m5s165ms
23-spef_extraction 0h0m1s159ms
24-opensta_spef 0h0m1s433ms
26-write_verilog 0h0m1s526ms
28-klayout_scrot 0h0m5s102ms
31-magic_gen 0h0m7s787ms
32-klayout 0h0m4s451ms
33-klayout_scrot 0h0m5s149ms
35-klayout_scrot 0h0m5s157ms
36-klayout_xor 0h0m21s306ms
37-magic_ext_spice 0h0m3s709ms
38-lvs 0h0m0s428ms
39-magic_drc 0h0m9s596ms
41-or_antenna 0h0m1s667ms
42-cvc 0h0m0s228ms