OpenROAD 0.9.0 1415572a73
This program is licensed under the BSD-3 license. See the LICENSE file for details.
Components of this program may be licensed under more restrictive licenses which must be honored.
Warning: /openLANE_flow/designs/i2c/runs/6th_run_clk15_util50_tardens0.55_flat1_doubleQuotations_edited_config_of_design_noLEC/tmp/resizer.lib line 32, default_operating_condition ss_100C_1v60 not found.
Notice 0: Reading LEF file:  /openLANE_flow/designs/i2c/runs/6th_run_clk15_util50_tardens0.55_flat1_doubleQuotations_edited_config_of_design_noLEC/tmp/merged_unpadded.lef
Notice 0:     Created 13 technology layers
Notice 0:     Created 25 technology vias
Notice 0:     Created 440 library cells
Notice 0: Finished LEF file:  /openLANE_flow/designs/i2c/runs/6th_run_clk15_util50_tardens0.55_flat1_doubleQuotations_edited_config_of_design_noLEC/tmp/merged_unpadded.lef
Notice 0: 
Reading DEF file: /openLANE_flow/designs/i2c/runs/6th_run_clk15_util50_tardens0.55_flat1_doubleQuotations_edited_config_of_design_noLEC/tmp/placement/8-replace.def
Notice 0: Design: i2c_master_top
Notice 0:     Created 35 pins.
Notice 0:     Created 1698 components and 10373 component-terminals.
Notice 0:     Created 2 special nets and 0 connections.
Notice 0:     Created 1279 nets and 4227 connections.
Notice 0: Finished DEF file: /openLANE_flow/designs/i2c/runs/6th_run_clk15_util50_tardens0.55_flat1_doubleQuotations_edited_config_of_design_noLEC/tmp/placement/8-replace.def
set_units -time ns
set clk_period 15
create_clock [get_ports wb_clk_i]  -name core_clock  -period ${clk_period}
set input_delay_value [expr ${clk_period} * 0.4]
set output_delay_value [expr ${clk_period} * 0.6]
[INFO RSZ-0027] Inserted 18 input buffers.
[INFO RSZ-0028] Inserted 14 output buffers.
[INFO RSZ-0039] Resized 940 instances.
Design Stats
--------------------------------
total instances          1730
multi row instances         0
fixed instances           438
nets                     1313
design area           24248.3 u^2
fixed area              833.3 u^2
movable area          12191.7 u^2
utilization                52 %
utilization padded         86 %
rows                       57
row height                2.7 u

Placement Analysis
--------------------------------
total displacement    10058.2 u
average displacement      5.8 u
max displacement        151.9 u
original HPWL         27153.6 u
legalized HPWL        39755.7 u
delta HPWL                 46 %

[INFO DPL-0020] Mirrored 561 instances
[INFO DPL-0021] HPWL before           39755.7 u
[INFO DPL-0022] HPWL after            38862.5 u
[INFO DPL-0023] HPWL delta               -2.2 %
