OpenROAD 0.9.0 1415572a73
This program is licensed under the BSD-3 license. See the LICENSE file for details.
Components of this program may be licensed under more restrictive licenses which must be honored.
Notice 0: Reading LEF file:  /openLANE_flow/designs/i2c/runs/6th_run_clk15_util50_tardens0.55_flat1_doubleQuotations_edited_config_of_design_noLEC/tmp/merged_unpadded.lef
Notice 0:     Created 13 technology layers
Notice 0:     Created 25 technology vias
Notice 0:     Created 440 library cells
Notice 0: Finished LEF file:  /openLANE_flow/designs/i2c/runs/6th_run_clk15_util50_tardens0.55_flat1_doubleQuotations_edited_config_of_design_noLEC/tmp/merged_unpadded.lef
Notice 0: 
Reading DEF file: /openLANE_flow/designs/i2c/runs/6th_run_clk15_util50_tardens0.55_flat1_doubleQuotations_edited_config_of_design_noLEC/tmp/floorplan/7-pdn.def
Notice 0: Design: i2c_master_top
Notice 0:     Created 35 pins.
Notice 0:     Created 1698 components and 10373 component-terminals.
Notice 0:     Created 2 special nets and 0 connections.
Notice 0:     Created 1279 nets and 4227 connections.
Notice 0: Finished DEF file: /openLANE_flow/designs/i2c/runs/6th_run_clk15_util50_tardens0.55_flat1_doubleQuotations_edited_config_of_design_noLEC/tmp/floorplan/7-pdn.def
[INFO GPL-0002] DBU: 1000
[INFO GPL-0003] SiteSize: 460 2720
[INFO GPL-0004] CoreAreaLxLy: 5520 10880
[INFO GPL-0005] CoreAreaUxUy: 161920 165920
[INFO GPL-0006] NumInstances: 1698
[INFO GPL-0007] NumPlaceInstances: 1260
[INFO GPL-0008] NumFixedInstances: 438
[INFO GPL-0009] NumDummyInstances: 0
[INFO GPL-0010] NumNets: 1279
[INFO GPL-0011] NumPins: 4260
[INFO GPL-0012] DieAreaLxLy: 0 0
[INFO GPL-0013] DieAreaUxUy: 167840 178560
[INFO GPL-0014] CoreAreaLxLy: 5520 10880
[INFO GPL-0015] CoreAreaUxUy: 161920 165920
[INFO GPL-0016] CoreArea: 24248256000
[INFO GPL-0017] NonPlaceInstsArea: 833299200
[INFO GPL-0018] PlaceInstsArea: 12293040000
[INFO GPL-0019] Util(%): 52.50
[INFO GPL-0020] StdInstsArea: 12293040000
[INFO GPL-0021] MacroInstsArea: 0
Begin InitialPlace
[InitialPlace]  Iter: 1 CG Error: 0.00000024 HPWL: 17359000
[InitialPlace]  Iter: 2 CG Error: 0.00000009 HPWL: 16505013
[InitialPlace]  Iter: 3 CG Error: 0.00000012 HPWL: 16557695
[InitialPlace]  Iter: 4 CG Error: 0.00000012 HPWL: 16598072
[InitialPlace]  Iter: 5 CG Error: 0.00000011 HPWL: 16596978
End InitialPlace
[INFO GPL-0031] FillerInit: NumGCells: 1323
[INFO GPL-0032] FillerInit: NumGNets: 1279
[INFO GPL-0033] FillerInit: NumGPins: 4260
[INFO GPL-0023] TargetDensity: 0.55
[INFO GPL-0024] AveragePlaceInstArea: 9756380
[INFO GPL-0025] IdealBinArea: 17738872
[INFO GPL-0026] IdealBinCnt: 1366
[INFO GPL-0027] TotalBinArea: 24248256000
[INFO GPL-0028] BinCnt: 32 32
[INFO GPL-0029] BinSize: 4888 4845
[INFO GPL-0030] NumBins: 1024
Begin NesterovInit
End NesterovInit
[NesterovSolve] Iter: 1 overflow: 0.960801 HPWL: 6975632
[NesterovSolve] Iter: 10 overflow: 0.928511 HPWL: 8890661
[NesterovSolve] Iter: 20 overflow: 0.928536 HPWL: 8862462
[NesterovSolve] Iter: 30 overflow: 0.928078 HPWL: 8902561
[NesterovSolve] Iter: 40 overflow: 0.927928 HPWL: 8916626
[NesterovSolve] Iter: 50 overflow: 0.92767 HPWL: 8921384
[NesterovSolve] Iter: 60 overflow: 0.927538 HPWL: 8918661
[NesterovSolve] Iter: 70 overflow: 0.92759 HPWL: 8916193
[NesterovSolve] Iter: 80 overflow: 0.927931 HPWL: 8920400
[NesterovSolve] Iter: 90 overflow: 0.928017 HPWL: 8932445
[NesterovSolve] Iter: 100 overflow: 0.927838 HPWL: 8953785
[NesterovSolve] Iter: 110 overflow: 0.92719 HPWL: 8986794
[NesterovSolve] Iter: 120 overflow: 0.92568 HPWL: 9040090
[NesterovSolve] Iter: 130 overflow: 0.924772 HPWL: 9127512
[NesterovSolve] Iter: 140 overflow: 0.922838 HPWL: 9270173
[NesterovSolve] Iter: 150 overflow: 0.920735 HPWL: 9499330
[NesterovSolve] Iter: 160 overflow: 0.914781 HPWL: 9837110
[NesterovSolve] Iter: 170 overflow: 0.905747 HPWL: 10302575
[NesterovSolve] Iter: 180 overflow: 0.894892 HPWL: 10901914
[NesterovSolve] Iter: 190 overflow: 0.877785 HPWL: 11641355
[NesterovSolve] Iter: 200 overflow: 0.858027 HPWL: 12447078
[NesterovSolve] Iter: 210 overflow: 0.831692 HPWL: 13389122
[NesterovSolve] Iter: 220 overflow: 0.802729 HPWL: 14404283
[NesterovSolve] Iter: 230 overflow: 0.772167 HPWL: 15474820
[NesterovSolve] Iter: 240 overflow: 0.733352 HPWL: 16590308
[NesterovSolve] Iter: 250 overflow: 0.692357 HPWL: 17786865
[NesterovSolve] Iter: 260 overflow: 0.64506 HPWL: 18924305
[NesterovSolve] Iter: 270 overflow: 0.600305 HPWL: 19981088
[NesterovSolve] Iter: 280 overflow: 0.5492 HPWL: 21147688
[NesterovSolve] Iter: 290 overflow: 0.500849 HPWL: 22067581
[NesterovSolve] Iter: 300 overflow: 0.450722 HPWL: 22882296
[NesterovSolve] Iter: 310 overflow: 0.404886 HPWL: 23610980
[NesterovSolve] Iter: 320 overflow: 0.365396 HPWL: 24278025
[NesterovSolve] Iter: 330 overflow: 0.324077 HPWL: 24938846
[NesterovSolve] Iter: 340 overflow: 0.288089 HPWL: 25343014
[NesterovSolve] Iter: 350 overflow: 0.256188 HPWL: 25702433
[NesterovSolve] Iter: 360 overflow: 0.223154 HPWL: 25988006
[NesterovSolve] Iter: 370 overflow: 0.192266 HPWL: 26176809
[NesterovSolve] Iter: 380 overflow: 0.164246 HPWL: 26365229
[NesterovSolve] Iter: 390 overflow: 0.138471 HPWL: 26534136
[NesterovSolve] Iter: 400 overflow: 0.11507 HPWL: 26681324
[NesterovSolve] Finished with Overflow: 0.099452
Warning: /home/ubuntu/openlane/pdks/sky130A/libs.ref/sky130_fd_sc_hd/lib/sky130_fd_sc_hd__ss_100C_1v60.lib line 32, default_operating_condition ss_100C_1v60 not found.
Warning: /home/ubuntu/openlane/pdks/sky130A/libs.ref/sky130_fd_sc_hd/lib/sky130_fd_sc_hd__ff_n40C_1v95.lib line 31, default_operating_condition ff_n40C_1v95 not found.
set_units -time ns
set clk_period 15
create_clock [get_ports wb_clk_i]  -name core_clock  -period ${clk_period}
set input_delay_value [expr ${clk_period} * 0.4]
set output_delay_value [expr ${clk_period} * 0.6]
No paths found.
Startpoint: _2152_ (rising edge-triggered flip-flop clocked by core_clock)
Endpoint: _2182_ (rising edge-triggered flip-flop clocked by core_clock)
Path Group: core_clock
Path Type: min

Fanout     Cap    Slew   Delay    Time   Description
-----------------------------------------------------------------------------
                  0.00    0.00    0.00   clock core_clock (rise edge)
                          0.00    0.00   clock network delay (ideal)
                  0.00    0.00    0.00 ^ _2152_/CLK (sky130_fd_sc_hd__dfrtp_2)
                  0.05    0.22    0.22 ^ _2152_/Q (sky130_fd_sc_hd__dfrtp_2)
     2    0.01                           byte_controller.bit_controller.slave_adr_received (net)
                  0.05    0.00    0.22 ^ _2182_/D (sky130_fd_sc_hd__dfrtp_2)
                                  0.22   data arrival time

                  0.00    0.00    0.00   clock core_clock (rise edge)
                          0.00    0.00   clock network delay (ideal)
                          0.00    0.00   clock reconvergence pessimism
                                  0.00 ^ _2182_/CLK (sky130_fd_sc_hd__dfrtp_2)
                         -0.02   -0.02   library hold time
                                 -0.02   data required time
-----------------------------------------------------------------------------
                                 -0.02   data required time
                                 -0.22   data arrival time
-----------------------------------------------------------------------------
                                  0.24   slack (MET)


Startpoint: _2163_ (rising edge-triggered flip-flop clocked by core_clock)
Endpoint: _2166_ (rising edge-triggered flip-flop clocked by core_clock)
Path Group: core_clock
Path Type: max

Fanout     Cap    Slew   Delay    Time   Description
-----------------------------------------------------------------------------
                  0.00    0.00    0.00   clock core_clock (rise edge)
                          0.00    0.00   clock network delay (ideal)
                  0.00    0.00    0.00 ^ _2163_/CLK (sky130_fd_sc_hd__dfrtp_2)
                  0.08    0.77    0.77 v _2163_/Q (sky130_fd_sc_hd__dfrtp_2)
     2    0.00                           byte_controller.bit_controller.filter_cnt[1] (net)
                  0.08    0.00    0.77 v _1259_/A (sky130_fd_sc_hd__or2_2)
                  0.13    0.69    1.46 v _1259_/X (sky130_fd_sc_hd__or2_2)
     3    0.01                           _0967_ (net)
                  0.13    0.00    1.46 v _1260_/B (sky130_fd_sc_hd__or2_2)
                  0.13    0.67    2.14 v _1260_/X (sky130_fd_sc_hd__or2_2)
     3    0.01                           _0968_ (net)
                  0.13    0.00    2.14 v _1261_/B (sky130_fd_sc_hd__or2_2)
                  0.14    0.68    2.82 v _1261_/X (sky130_fd_sc_hd__or2_2)
     4    0.01                           _0969_ (net)
                  0.14    0.00    2.82 v _1262_/C (sky130_fd_sc_hd__or3_2)
                  0.20    1.05    3.87 v _1262_/X (sky130_fd_sc_hd__or3_2)
     3    0.01                           _0970_ (net)
                  0.20    0.00    3.87 v _1263_/B (sky130_fd_sc_hd__or2_2)
                  0.14    0.73    4.60 v _1263_/X (sky130_fd_sc_hd__or2_2)
     3    0.01                           _0971_ (net)
                  0.14    0.00    4.60 v _1264_/B (sky130_fd_sc_hd__or2_2)
                  0.16    0.72    5.32 v _1264_/X (sky130_fd_sc_hd__or2_2)
     5    0.01                           _0972_ (net)
                  0.16    0.00    5.32 v _1265_/D (sky130_fd_sc_hd__or4_2)
                  0.27    1.42    6.74 v _1265_/X (sky130_fd_sc_hd__or4_2)
     3    0.01                           _0973_ (net)
                  0.27    0.00    6.74 v _1266_/B (sky130_fd_sc_hd__or2_2)
                  0.17    0.78    7.52 v _1266_/X (sky130_fd_sc_hd__or2_2)
     3    0.01                           _0974_ (net)
                  0.17    0.00    7.52 v _1267_/B (sky130_fd_sc_hd__or2_2)
                  0.15    0.72    8.24 v _1267_/X (sky130_fd_sc_hd__or2_2)
     3    0.01                           _0975_ (net)
                  0.15    0.00    8.24 v _1268_/A (sky130_fd_sc_hd__inv_2)
                  0.10    0.14    8.38 ^ _1268_/Y (sky130_fd_sc_hd__inv_2)
     4    0.01                           _0976_ (net)
                  0.10    0.00    8.38 ^ _1269_/A (sky130_fd_sc_hd__buf_1)
                  1.40    1.10    9.48 ^ _1269_/X (sky130_fd_sc_hd__buf_1)
    18    0.08                           _0168_ (net)
                  1.40    0.00    9.49 ^ _2092_/S (sky130_fd_sc_hd__mux2_1)
                  0.11    0.98   10.47 v _2092_/X (sky130_fd_sc_hd__mux2_1)
     1    0.00                           _0092_ (net)
                  0.11    0.00   10.47 v _1899_/C (sky130_fd_sc_hd__and3_2)
                  0.07    0.44   10.90 v _1899_/X (sky130_fd_sc_hd__and3_2)
     1    0.00                           _0070_ (net)
                  0.07    0.00   10.90 v _2166_/D (sky130_fd_sc_hd__dfrtp_2)
                                 10.90   data arrival time

                  0.00   15.00   15.00   clock core_clock (rise edge)
                          0.00   15.00   clock network delay (ideal)
                          0.00   15.00   clock reconvergence pessimism
                                 15.00 ^ _2166_/CLK (sky130_fd_sc_hd__dfrtp_2)
                         -0.29   14.71   library setup time
                                 14.71   data required time
-----------------------------------------------------------------------------
                                 14.71   data required time
                                -10.90   data arrival time
-----------------------------------------------------------------------------
                                  3.80   slack (MET)


No paths found.
wns 0.00
tns 0.00
