OpenROAD 0.9.0 1415572a73
This program is licensed under the BSD-3 license. See the LICENSE file for details.
Components of this program may be licensed under more restrictive licenses which must be honored.
Notice 0: Reading LEF file:  /openLANE_flow/designs/i2c/runs/7th_run_clk15_util30_tardens0.4_flat1_doubleQuotations_edited_config_of_design_noLEC/tmp/merged_unpadded.lef
Notice 0:     Created 13 technology layers
Notice 0:     Created 25 technology vias
Notice 0:     Created 440 library cells
Notice 0: Finished LEF file:  /openLANE_flow/designs/i2c/runs/7th_run_clk15_util30_tardens0.4_flat1_doubleQuotations_edited_config_of_design_noLEC/tmp/merged_unpadded.lef
Notice 0: 
Reading DEF file: /openLANE_flow/designs/i2c/runs/7th_run_clk15_util30_tardens0.4_flat1_doubleQuotations_edited_config_of_design_noLEC/tmp/placement/8-resizer.def
Notice 0: Design: i2c_master_top
Notice 0:     Created 35 pins.
Notice 0:     Created 2010 components and 11193 component-terminals.
Notice 0:     Created 2 special nets and 0 connections.
Notice 0:     Created 1311 nets and 4291 connections.
Notice 0: Finished DEF file: /openLANE_flow/designs/i2c/runs/7th_run_clk15_util30_tardens0.4_flat1_doubleQuotations_edited_config_of_design_noLEC/tmp/placement/8-resizer.def
Design Stats
--------------------------------
total instances          2010
multi row instances         0
fixed instances           718
nets                     1313
design area           40739.1 u^2
fixed area             1268.7 u^2
movable area          12264.3 u^2
utilization                31 %
utilization padded         47 %
rows                       74
row height                2.7 u

Placement Analysis
--------------------------------
total displacement        0.0 u
average displacement      0.0 u
max displacement          0.0 u
original HPWL         33625.7 u
legalized HPWL        34527.1 u
delta HPWL                  3 %

[INFO DPL-0020] Mirrored 557 instances
[INFO DPL-0021] HPWL before           34527.1 u
[INFO DPL-0022] HPWL after            33625.7 u
[INFO DPL-0023] HPWL delta               -2.6 %
