0-prep 0h0m0s394ms
1-yosys 0h0m4s324ms
2-opensta 0h0m1s238ms
3-verilog2def_openroad 0h0m1s743ms
4-ioPlacer 0h0m1s428ms
5-tapcell 0h0m1s449ms
6-klayout_scrot 0h0m4s465ms
7-pdn 0h0m1s864ms
8-replace 0h0m7s980ms
8-resizer 0h0m7s235ms
9-write_verilog 0h0m1s431ms
10-opensta_post_resizer 0h0m1s244ms
11-opendp 0h0m1s483ms
12-klayout_scrot 0h0m4s745ms
13-cts 0h1m28s974ms
14-write_verilog 0h0m1s424ms
15-klayout_scrot 0h0m4s746ms
15-resizer_timing 0h0m7s370ms
16-write_verilog 0h0m1s424ms
17-opensta_post_resizer_timing 0h0m1s246ms
18-fastroute 0h0m8s343ms
19-addspacers 0h0m1s442ms
20-write_verilog 0h0m1s439ms
21-tritonRoute 0h2m3s216ms
22-klayout_scrot 0h0m5s165ms
23-spef_extraction 0h0m1s167ms
24-opensta_spef 0h0m1s441ms
26-write_verilog 0h0m1s521ms
28-klayout_scrot 0h0m5s108ms
31-magic_gen 0h0m7s808ms
32-klayout 0h0m4s441ms
33-klayout_scrot 0h0m5s139ms
35-klayout_scrot 0h0m5s134ms
36-klayout_xor 0h0m21s58ms
37-magic_ext_spice 0h0m3s645ms
38-lvs 0h0m0s432ms
39-magic_drc 0h0m9s480ms
41-or_antenna 0h0m1s657ms
42-cvc 0h0m0s236ms