Startpoint: _2152_ (rising edge-triggered flip-flop clocked by core_clock)
Endpoint: _2182_ (rising edge-triggered flip-flop clocked by core_clock)
Path Group: core_clock
Path Type: min

Fanout     Cap    Slew   Delay    Time   Description
-----------------------------------------------------------------------------
                  0.00    0.00    0.00   clock core_clock (rise edge)
                          0.00    0.00   clock network delay (ideal)
                  0.00    0.00    0.00 ^ _2152_/CLK (sky130_fd_sc_hd__dfrtp_1)
                  0.04    0.20    0.20 ^ _2152_/Q (sky130_fd_sc_hd__dfrtp_1)
     2    0.00                           byte_controller.bit_controller.slave_adr_received (net)
                  0.04    0.00    0.20 ^ _2182_/D (sky130_fd_sc_hd__dfrtp_1)
                                  0.20   data arrival time

                  0.00    0.00    0.00   clock core_clock (rise edge)
                          0.00    0.00   clock network delay (ideal)
                          0.00    0.00   clock reconvergence pessimism
                                  0.00 ^ _2182_/CLK (sky130_fd_sc_hd__dfrtp_1)
                         -0.02   -0.02   library hold time
                                 -0.02   data required time
-----------------------------------------------------------------------------
                                 -0.02   data required time
                                 -0.20   data arrival time
-----------------------------------------------------------------------------
                                  0.22   slack (MET)


Startpoint: _2163_ (rising edge-triggered flip-flop clocked by core_clock)
Endpoint: _2168_ (rising edge-triggered flip-flop clocked by core_clock)
Path Group: core_clock
Path Type: max

Fanout     Cap    Slew   Delay    Time   Description
-----------------------------------------------------------------------------
                  0.00    0.00    0.00   clock core_clock (rise edge)
                          0.00    0.00   clock network delay (ideal)
                  0.00    0.00    0.00 ^ _2163_/CLK (sky130_fd_sc_hd__dfrtp_1)
                  0.09    0.71    0.71 v _2163_/Q (sky130_fd_sc_hd__dfrtp_1)
     2    0.00                           byte_controller.bit_controller.filter_cnt[1] (net)
                  0.09    0.00    0.71 v _1259_/A (sky130_fd_sc_hd__or2_1)
                  0.12    0.53    1.24 v _1259_/X (sky130_fd_sc_hd__or2_1)
     3    0.01                           _0967_ (net)
                  0.12    0.00    1.24 v _1260_/B (sky130_fd_sc_hd__or2_1)
                  0.12    0.51    1.75 v _1260_/X (sky130_fd_sc_hd__or2_1)
     3    0.01                           _0968_ (net)
                  0.12    0.00    1.75 v _1261_/B (sky130_fd_sc_hd__or2_1)
                  0.13    0.52    2.27 v _1261_/X (sky130_fd_sc_hd__or2_1)
     4    0.01                           _0969_ (net)
                  0.13    0.00    2.27 v _1262_/C (sky130_fd_sc_hd__or3_1)
                  0.17    0.78    3.05 v _1262_/X (sky130_fd_sc_hd__or3_1)
     3    0.01                           _0970_ (net)
                  0.17    0.00    3.05 v _1263_/B (sky130_fd_sc_hd__or2_1)
                  0.12    0.53    3.58 v _1263_/X (sky130_fd_sc_hd__or2_1)
     3    0.01                           _0971_ (net)
                  0.12    0.00    3.58 v _1264_/B (sky130_fd_sc_hd__or2_2)
                  0.15    0.70    4.28 v _1264_/X (sky130_fd_sc_hd__or2_2)
     5    0.01                           _0972_ (net)
                  0.15    0.00    4.28 v _1265_/D (sky130_fd_sc_hd__or4_4)
                  0.16    0.86    5.14 v _1265_/X (sky130_fd_sc_hd__or4_4)
     3    0.00                           _0973_ (net)
                  0.16    0.00    5.14 v _1266_/B (sky130_fd_sc_hd__or2_1)
                  0.12    0.52    5.66 v _1266_/X (sky130_fd_sc_hd__or2_1)
     3    0.01                           _0974_ (net)
                  0.12    0.00    5.66 v _1267_/B (sky130_fd_sc_hd__or2_2)
                  0.15    0.69    6.35 v _1267_/X (sky130_fd_sc_hd__or2_2)
     3    0.01                           _0975_ (net)
                  0.15    0.00    6.35 v _1268_/A (sky130_fd_sc_hd__inv_2)
                  0.10    0.15    6.50 ^ _1268_/Y (sky130_fd_sc_hd__inv_2)
     4    0.01                           _0976_ (net)
                  0.10    0.00    6.50 ^ _1269_/A (sky130_fd_sc_hd__clkbuf_8)
                  0.18    0.33    6.82 ^ _1269_/X (sky130_fd_sc_hd__clkbuf_8)
    18    0.06                           _0168_ (net)
                  0.18    0.00    6.82 ^ _2085_/S (sky130_fd_sc_hd__mux2_1)
                  0.10    0.71    7.53 v _2085_/X (sky130_fd_sc_hd__mux2_1)
     1    0.00                           _0096_ (net)
                  0.10    0.00    7.53 v _1903_/C (sky130_fd_sc_hd__and3_1)
                  0.06    0.36    7.89 v _1903_/X (sky130_fd_sc_hd__and3_1)
     1    0.00                           _0072_ (net)
                  0.06    0.00    7.89 v _2168_/D (sky130_fd_sc_hd__dfrtp_1)
                                  7.89   data arrival time

                  0.00   20.00   20.00   clock core_clock (rise edge)
                          0.00   20.00   clock network delay (ideal)
                          0.00   20.00   clock reconvergence pessimism
                                 20.00 ^ _2168_/CLK (sky130_fd_sc_hd__dfrtp_1)
                         -0.29   19.71   library setup time
                                 19.71   data required time
-----------------------------------------------------------------------------
                                 19.71   data required time
                                 -7.89   data arrival time
-----------------------------------------------------------------------------
                                 11.81   slack (MET)


