Startpoint: _2152_ (rising edge-triggered flip-flop clocked by core_clock)
Endpoint: _2182_ (rising edge-triggered flip-flop clocked by core_clock)
Path Group: core_clock
Path Type: min

Fanout     Cap    Slew   Delay    Time   Description
-----------------------------------------------------------------------------
                  0.00    0.00    0.00   clock core_clock (rise edge)
                          0.00    0.00   clock network delay (ideal)
                  0.00    0.00    0.00 ^ _2152_/CLK (sky130_fd_sc_hd__dfrtp_1)
                  0.07    0.22    0.22 ^ _2152_/Q (sky130_fd_sc_hd__dfrtp_1)
     2    0.01                           byte_controller.bit_controller.slave_adr_received (net)
                  0.07    0.00    0.22 ^ _2182_/D (sky130_fd_sc_hd__dfrtp_4)
                                  0.22   data arrival time

                  0.00    0.00    0.00   clock core_clock (rise edge)
                          0.00    0.00   clock network delay (ideal)
                          0.00    0.00   clock reconvergence pessimism
                                  0.00 ^ _2182_/CLK (sky130_fd_sc_hd__dfrtp_4)
                         -0.02   -0.02   library hold time
                                 -0.02   data required time
-----------------------------------------------------------------------------
                                 -0.02   data required time
                                 -0.22   data arrival time
-----------------------------------------------------------------------------
                                  0.24   slack (MET)


Startpoint: _2162_ (rising edge-triggered flip-flop clocked by core_clock)
Endpoint: _2166_ (rising edge-triggered flip-flop clocked by core_clock)
Path Group: core_clock
Path Type: max

Fanout     Cap    Slew   Delay    Time   Description
-----------------------------------------------------------------------------
                  0.00    0.00    0.00   clock core_clock (rise edge)
                          0.00    0.00   clock network delay (ideal)
                  0.00    0.00    0.00 ^ _2162_/CLK (sky130_fd_sc_hd__dfrtp_1)
                  0.12    0.75    0.75 v _2162_/Q (sky130_fd_sc_hd__dfrtp_1)
     3    0.01                           byte_controller.bit_controller.filter_cnt[0] (net)
                  0.12    0.00    0.75 v _1259_/B (sky130_fd_sc_hd__or2_1)
                  0.14    0.53    1.29 v _1259_/X (sky130_fd_sc_hd__or2_1)
     3    0.01                           _0967_ (net)
                  0.14    0.00    1.29 v _1260_/B (sky130_fd_sc_hd__or2_1)
                  0.07    0.44    1.73 v _1260_/X (sky130_fd_sc_hd__or2_1)
     3    0.00                           _0968_ (net)
                  0.07    0.00    1.73 v _1261_/B (sky130_fd_sc_hd__or2_1)
                  0.15    0.52    2.25 v _1261_/X (sky130_fd_sc_hd__or2_1)
     4    0.01                           _0969_ (net)
                  0.15    0.00    2.25 v _1262_/C (sky130_fd_sc_hd__or3_1)
                  0.18    0.81    3.06 v _1262_/X (sky130_fd_sc_hd__or3_1)
     3    0.01                           _0970_ (net)
                  0.18    0.00    3.06 v _1263_/B (sky130_fd_sc_hd__or2_1)
                  0.13    0.55    3.61 v _1263_/X (sky130_fd_sc_hd__or2_1)
     3    0.01                           _0971_ (net)
                  0.13    0.00    3.61 v _1264_/B (sky130_fd_sc_hd__or2_2)
                  0.16    0.72    4.33 v _1264_/X (sky130_fd_sc_hd__or2_2)
     5    0.01                           _0972_ (net)
                  0.16    0.00    4.33 v _1265_/D (sky130_fd_sc_hd__or4_4)
                  0.17    0.89    5.22 v _1265_/X (sky130_fd_sc_hd__or4_4)
     3    0.01                           _0973_ (net)
                  0.17    0.00    5.22 v _1266_/B (sky130_fd_sc_hd__or2_1)
                  0.13    0.55    5.76 v _1266_/X (sky130_fd_sc_hd__or2_1)
     3    0.01                           _0974_ (net)
                  0.13    0.00    5.76 v _1267_/B (sky130_fd_sc_hd__or2_2)
                  0.15    0.71    6.47 v _1267_/X (sky130_fd_sc_hd__or2_2)
     3    0.01                           _0975_ (net)
                  0.15    0.00    6.47 v _1268_/A (sky130_fd_sc_hd__inv_2)
                  0.11    0.16    6.63 ^ _1268_/Y (sky130_fd_sc_hd__inv_2)
     4    0.01                           _0976_ (net)
                  0.11    0.00    6.63 ^ _1269_/A (sky130_fd_sc_hd__clkbuf_8)
                  0.19    0.34    6.97 ^ _1269_/X (sky130_fd_sc_hd__clkbuf_8)
    18    0.06                           _0168_ (net)
                  0.19    0.00    6.97 ^ _2092_/S (sky130_fd_sc_hd__mux2_1)
                  0.11    0.74    7.71 v _2092_/X (sky130_fd_sc_hd__mux2_1)
     1    0.00                           _0092_ (net)
                  0.11    0.00    7.71 v _1899_/C (sky130_fd_sc_hd__and3_1)
                  0.07    0.37    8.08 v _1899_/X (sky130_fd_sc_hd__and3_1)
     1    0.00                           _0070_ (net)
                  0.07    0.00    8.08 v _2166_/D (sky130_fd_sc_hd__dfrtp_1)
                                  8.08   data arrival time

                  0.00   15.00   15.00   clock core_clock (rise edge)
                          0.00   15.00   clock network delay (ideal)
                          0.00   15.00   clock reconvergence pessimism
                                 15.00 ^ _2166_/CLK (sky130_fd_sc_hd__dfrtp_1)
                         -0.29   14.71   library setup time
                                 14.71   data required time
-----------------------------------------------------------------------------
                                 14.71   data required time
                                 -8.08   data arrival time
-----------------------------------------------------------------------------
                                  6.63   slack (MET)


