0-prep 0h0m0s380ms
1-yosys 0h0m4s277ms
2-opensta 0h0m1s217ms
3-verilog2def_openroad 0h0m1s713ms
4-ioPlacer 0h0m1s423ms
5-tapcell 0h0m1s460ms
6-klayout_scrot 0h0m4s480ms
7-pdn 0h0m1s852ms
8-replace 0h0m7s978ms
8-resizer 0h0m7s215ms
9-write_verilog 0h0m1s427ms
10-opensta_post_resizer 0h0m1s218ms
11-opendp 0h0m1s469ms
12-klayout_scrot 0h0m4s690ms
13-cts 0h1m26s906ms
14-write_verilog 0h0m1s420ms
15-klayout_scrot 0h0m4s704ms
15-resizer_timing 0h0m6s849ms
16-write_verilog 0h0m1s430ms
17-opensta_post_resizer_timing 0h0m1s240ms
18-fastroute 0h0m8s280ms
19-addspacers 0h0m1s439ms
20-write_verilog 0h0m1s431ms
21-tritonRoute 0h0m41s436ms
22-klayout_scrot 0h0m5s60ms
23-spef_extraction 0h0m1s1ms
24-opensta_spef 0h0m1s404ms
26-write_verilog 0h0m1s511ms
28-klayout_scrot 0h0m5s31ms
31-magic_gen 0h0m7s832ms
32-klayout 0h0m4s440ms
33-klayout_scrot 0h0m5s247ms
35-klayout_scrot 0h0m5s89ms
36-klayout_xor 0h0m22s281ms
37-magic_ext_spice 0h0m3s826ms
38-lvs 0h0m0s472ms
39-magic_drc 0h0m9s901ms
41-or_antenna 0h0m1s618ms
42-cvc 0h0m0s245ms