0-prep 0h0m1s407ms
1-yosys 0h0m4s298ms
2-opensta 0h0m1s233ms
3-verilog2def_openroad 0h0m1s736ms
4-ioPlacer 0h0m1s444ms
5-tapcell 0h0m1s452ms
6-klayout_scrot 0h0m4s485ms
7-pdn 0h0m1s894ms
8-replace 0h0m7s961ms
8-resizer 0h0m7s245ms
9-write_verilog 0h0m1s422ms
10-opensta_post_resizer 0h0m1s227ms
11-opendp 0h0m1s478ms
12-klayout_scrot 0h0m4s761ms
13-cts 0h1m25s373ms
14-write_verilog 0h0m1s423ms
15-klayout_scrot 0h0m4s756ms
15-resizer_timing 0h0m7s391ms
16-write_verilog 0h0m1s444ms
17-opensta_post_resizer_timing 0h0m1s239ms
18-fastroute 0h0m8s381ms
19-addspacers 0h0m1s434ms
20-write_verilog 0h0m1s429ms
21-tritonRoute 0h2m4s53ms
22-klayout_scrot 0h0m5s163ms
23-spef_extraction 0h0m1s168ms
24-opensta_spef 0h0m1s444ms
26-write_verilog 0h0m1s521ms
28-klayout_scrot 0h0m5s101ms
31-magic_gen 0h0m7s816ms
32-klayout 0h0m4s450ms
33-klayout_scrot 0h0m5s136ms
35-klayout_scrot 0h0m5s133ms
36-klayout_xor 0h0m21s64ms
37-magic_ext_spice 0h0m3s629ms
38-lvs 0h0m0s449ms
39-magic_drc 0h0m9s550ms
41-or_antenna 0h0m1s668ms
42-cvc 0h0m0s240ms